2024-08-25T22:59:56.856+09:00  INFO 26016 --- [routeit] [Test worker] c.r.r.RouteitappApplicationTests         : Starting RouteitappApplicationTests using Java 17 with PID 26016 (started by wkdwl in D:\tangee\routeitapp\backend)
2024-08-25T22:59:56.858+09:00 DEBUG 26016 --- [routeit] [Test worker] c.r.r.RouteitappApplicationTests         : Running with Spring Boot v3.2.9, Spring v6.1.12
2024-08-25T22:59:56.860+09:00  INFO 26016 --- [routeit] [Test worker] c.r.r.RouteitappApplicationTests         : No active profile set, falling back to 1 default profile: "default"
2024-08-25T22:59:57.924+09:00  INFO 26016 --- [routeit] [Test worker] .s.d.r.c.RepositoryConfigurationDelegate : Bootstrapping Spring Data JPA repositories in DEFAULT mode.
2024-08-25T22:59:57.946+09:00  INFO 26016 --- [routeit] [Test worker] .s.d.r.c.RepositoryConfigurationDelegate : Finished Spring Data repository scanning in 8 ms. Found 0 JPA repository interfaces.
2024-08-25T22:59:58.125+09:00  WARN 26016 --- [routeit] [Test worker] o.m.s.mapper.ClassPathMapperScanner      : No MyBatis mapper was found in '[com.routeit.routeitapp]' package. Please check your configuration.
2024-08-25T22:59:58.733+09:00  INFO 26016 --- [routeit] [Test worker] o.hibernate.jpa.internal.util.LogHelper  : HHH000204: Processing PersistenceUnitInfo [name: default]
2024-08-25T22:59:58.842+09:00  INFO 26016 --- [routeit] [Test worker] org.hibernate.Version                    : HHH000412: Hibernate ORM core version 6.4.10.Final
2024-08-25T22:59:58.911+09:00  INFO 26016 --- [routeit] [Test worker] o.h.c.internal.RegionFactoryInitiator    : HHH000026: Second-level cache disabled
2024-08-25T22:59:59.315+09:00  INFO 26016 --- [routeit] [Test worker] o.s.o.j.p.SpringPersistenceUnitInfo      : No LoadTimeWeaver setup: ignoring JPA class transformer
2024-08-25T22:59:59.404+09:00  INFO 26016 --- [routeit] [Test worker] com.zaxxer.hikari.HikariDataSource       : HikariPool-1 - Starting...
2024-08-25T22:59:59.629+09:00  INFO 26016 --- [routeit] [Test worker] com.zaxxer.hikari.pool.HikariPool        : HikariPool-1 - Added connection org.mariadb.jdbc.Connection@5d84e363
2024-08-25T22:59:59.632+09:00  INFO 26016 --- [routeit] [Test worker] com.zaxxer.hikari.HikariDataSource       : HikariPool-1 - Start completed.
2024-08-25T23:00:00.106+09:00  INFO 26016 --- [routeit] [Test worker] o.h.e.t.j.p.i.JtaPlatformInitiator       : HHH000489: No JTA platform available (set 'hibernate.transaction.jta.platform' to enable JTA platform integration)
2024-08-25T23:00:00.112+09:00  INFO 26016 --- [routeit] [Test worker] j.LocalContainerEntityManagerFactoryBean : Initialized JPA EntityManagerFactory for persistence unit 'default'
2024-08-25T23:00:00.373+09:00  WARN 26016 --- [routeit] [Test worker] JpaBaseConfiguration$JpaWebConfiguration : spring.jpa.open-in-view is enabled by default. Therefore, database queries may be performed during view rendering. Explicitly configure spring.jpa.open-in-view to disable this warning
2024-08-25T23:00:00.500+09:00  INFO 26016 --- [routeit] [Test worker] o.s.b.a.w.s.WelcomePageHandlerMapping    : Adding welcome page template: index
2024-08-25T23:00:02.423+09:00  INFO 26016 --- [routeit] [Test worker] c.r.r.RouteitappApplicationTests         : Started RouteitappApplicationTests in 5.997 seconds (process running for 7.86)
2024-08-25T23:00:03.502+09:00  INFO 26016 --- [routeit] [SpringApplicationShutdownHook] j.LocalContainerEntityManagerFactoryBean : Closing JPA EntityManagerFactory for persistence unit 'default'
2024-08-25T23:00:03.513+09:00  INFO 26016 --- [routeit] [SpringApplicationShutdownHook] com.zaxxer.hikari.HikariDataSource       : HikariPool-1 - Shutdown initiated...
2024-08-25T23:00:03.590+09:00  INFO 26016 --- [routeit] [SpringApplicationShutdownHook] com.zaxxer.hikari.HikariDataSource       : HikariPool-1 - Shutdown completed.
2024-08-25T23:00:38.435+09:00  INFO 7056 --- [routeit] [Test worker] c.r.r.RouteitappApplicationTests         : Starting RouteitappApplicationTests using Java 17 with PID 7056 (started by wkdwl in D:\tangee\routeitapp\backend)
2024-08-25T23:00:38.438+09:00 DEBUG 7056 --- [routeit] [Test worker] c.r.r.RouteitappApplicationTests         : Running with Spring Boot v3.2.9, Spring v6.1.12
2024-08-25T23:00:38.440+09:00  INFO 7056 --- [routeit] [Test worker] c.r.r.RouteitappApplicationTests         : No active profile set, falling back to 1 default profile: "default"
2024-08-25T23:00:39.544+09:00  INFO 7056 --- [routeit] [Test worker] .s.d.r.c.RepositoryConfigurationDelegate : Bootstrapping Spring Data JPA repositories in DEFAULT mode.
2024-08-25T23:00:39.568+09:00  INFO 7056 --- [routeit] [Test worker] .s.d.r.c.RepositoryConfigurationDelegate : Finished Spring Data repository scanning in 10 ms. Found 0 JPA repository interfaces.
2024-08-25T23:00:39.784+09:00  WARN 7056 --- [routeit] [Test worker] o.m.s.mapper.ClassPathMapperScanner      : No MyBatis mapper was found in '[com.routeit.routeitapp]' package. Please check your configuration.
2024-08-25T23:00:40.407+09:00  INFO 7056 --- [routeit] [Test worker] o.hibernate.jpa.internal.util.LogHelper  : HHH000204: Processing PersistenceUnitInfo [name: default]
2024-08-25T23:00:40.515+09:00  INFO 7056 --- [routeit] [Test worker] org.hibernate.Version                    : HHH000412: Hibernate ORM core version 6.4.10.Final
2024-08-25T23:00:40.568+09:00  INFO 7056 --- [routeit] [Test worker] o.h.c.internal.RegionFactoryInitiator    : HHH000026: Second-level cache disabled
2024-08-25T23:00:40.973+09:00  INFO 7056 --- [routeit] [Test worker] o.s.o.j.p.SpringPersistenceUnitInfo      : No LoadTimeWeaver setup: ignoring JPA class transformer
2024-08-25T23:00:41.045+09:00  INFO 7056 --- [routeit] [Test worker] com.zaxxer.hikari.HikariDataSource       : HikariPool-1 - Starting...
2024-08-25T23:00:41.259+09:00  INFO 7056 --- [routeit] [Test worker] com.zaxxer.hikari.pool.HikariPool        : HikariPool-1 - Added connection org.mariadb.jdbc.Connection@5d221b20
2024-08-25T23:00:41.261+09:00  INFO 7056 --- [routeit] [Test worker] com.zaxxer.hikari.HikariDataSource       : HikariPool-1 - Start completed.
2024-08-25T23:00:41.714+09:00  INFO 7056 --- [routeit] [Test worker] o.h.e.t.j.p.i.JtaPlatformInitiator       : HHH000489: No JTA platform available (set 'hibernate.transaction.jta.platform' to enable JTA platform integration)
2024-08-25T23:00:41.720+09:00  INFO 7056 --- [routeit] [Test worker] j.LocalContainerEntityManagerFactoryBean : Initialized JPA EntityManagerFactory for persistence unit 'default'
2024-08-25T23:00:42.008+09:00  WARN 7056 --- [routeit] [Test worker] JpaBaseConfiguration$JpaWebConfiguration : spring.jpa.open-in-view is enabled by default. Therefore, database queries may be performed during view rendering. Explicitly configure spring.jpa.open-in-view to disable this warning
2024-08-25T23:00:42.137+09:00  INFO 7056 --- [routeit] [Test worker] o.s.b.a.w.s.WelcomePageHandlerMapping    : Adding welcome page template: index
2024-08-25T23:00:44.094+09:00  INFO 7056 --- [routeit] [Test worker] c.r.r.RouteitappApplicationTests         : Started RouteitappApplicationTests in 6.11 seconds (process running for 7.891)
2024-08-25T23:00:45.212+09:00  INFO 7056 --- [routeit] [SpringApplicationShutdownHook] j.LocalContainerEntityManagerFactoryBean : Closing JPA EntityManagerFactory for persistence unit 'default'
2024-08-25T23:00:45.215+09:00  INFO 7056 --- [routeit] [SpringApplicationShutdownHook] com.zaxxer.hikari.HikariDataSource       : HikariPool-1 - Shutdown initiated...
2024-08-25T23:00:45.287+09:00  INFO 7056 --- [routeit] [SpringApplicationShutdownHook] com.zaxxer.hikari.HikariDataSource       : HikariPool-1 - Shutdown completed.
