2024-08-24T20:51:38.009+09:00  INFO 22084 --- [routeit] [restartedMain] c.r.routeitapp.RouteitappApplication     : Starting RouteitappApplication using Java 17 with PID 22084 (D:\tangee\routeitapp\build\classes\java\main started by wkdwl in D:\tangee\routeitapp)
2024-08-24T20:51:38.012+09:00 DEBUG 22084 --- [routeit] [restartedMain] c.r.routeitapp.RouteitappApplication     : Running with Spring Boot v3.2.9, Spring v6.1.12
2024-08-24T20:51:38.013+09:00  INFO 22084 --- [routeit] [restartedMain] c.r.routeitapp.RouteitappApplication     : The following 1 profile is active: "local"
2024-08-24T20:51:38.091+09:00  INFO 22084 --- [routeit] [restartedMain] .e.DevToolsPropertyDefaultsPostProcessor : Devtools property defaults active! Set 'spring.devtools.add-properties' to 'false' to disable
2024-08-24T20:51:38.091+09:00  INFO 22084 --- [routeit] [restartedMain] .e.DevToolsPropertyDefaultsPostProcessor : For additional web related logging consider setting the 'logging.level.web' property to 'DEBUG'
2024-08-24T20:51:38.913+09:00  INFO 22084 --- [routeit] [restartedMain] .s.d.r.c.RepositoryConfigurationDelegate : Bootstrapping Spring Data JPA repositories in DEFAULT mode.
2024-08-24T20:51:38.930+09:00  INFO 22084 --- [routeit] [restartedMain] .s.d.r.c.RepositoryConfigurationDelegate : Finished Spring Data repository scanning in 8 ms. Found 0 JPA repository interfaces.
2024-08-24T20:51:39.088+09:00  WARN 22084 --- [routeit] [restartedMain] o.m.s.mapper.ClassPathMapperScanner      : No MyBatis mapper was found in '[com.routeit.routeitapp]' package. Please check your configuration.
2024-08-24T20:51:39.689+09:00  INFO 22084 --- [routeit] [restartedMain] o.s.b.w.embedded.tomcat.TomcatWebServer  : Tomcat initialized with port 8080 (http)
2024-08-24T20:51:39.705+09:00  INFO 22084 --- [routeit] [restartedMain] o.apache.catalina.core.StandardService   : Starting service [Tomcat]
2024-08-24T20:51:39.706+09:00  INFO 22084 --- [routeit] [restartedMain] o.apache.catalina.core.StandardEngine    : Starting Servlet engine: [Apache Tomcat/10.1.28]
2024-08-24T20:51:39.772+09:00  INFO 22084 --- [routeit] [restartedMain] o.a.c.c.C.[Tomcat].[localhost].[/]       : Initializing Spring embedded WebApplicationContext
2024-08-24T20:51:39.773+09:00  INFO 22084 --- [routeit] [restartedMain] w.s.c.ServletWebServerApplicationContext : Root WebApplicationContext: initialization completed in 1680 ms
2024-08-24T20:51:39.936+09:00  INFO 22084 --- [routeit] [restartedMain] o.hibernate.jpa.internal.util.LogHelper  : HHH000204: Processing PersistenceUnitInfo [name: default]
2024-08-24T20:51:39.998+09:00  INFO 22084 --- [routeit] [restartedMain] org.hibernate.Version                    : HHH000412: Hibernate ORM core version 6.4.10.Final
2024-08-24T20:51:40.037+09:00  INFO 22084 --- [routeit] [restartedMain] o.h.c.internal.RegionFactoryInitiator    : HHH000026: Second-level cache disabled
2024-08-24T20:51:40.386+09:00  INFO 22084 --- [routeit] [restartedMain] o.s.o.j.p.SpringPersistenceUnitInfo      : No LoadTimeWeaver setup: ignoring JPA class transformer
2024-08-24T20:51:40.424+09:00  INFO 22084 --- [routeit] [restartedMain] com.zaxxer.hikari.HikariDataSource       : HikariPool-1 - Starting...
2024-08-24T20:51:40.598+09:00  INFO 22084 --- [routeit] [restartedMain] com.zaxxer.hikari.pool.HikariPool        : HikariPool-1 - Added connection org.mariadb.jdbc.Connection@1ad02189
2024-08-24T20:51:40.601+09:00  INFO 22084 --- [routeit] [restartedMain] com.zaxxer.hikari.HikariDataSource       : HikariPool-1 - Start completed.
2024-08-24T20:51:41.064+09:00  INFO 22084 --- [routeit] [restartedMain] o.h.e.t.j.p.i.JtaPlatformInitiator       : HHH000489: No JTA platform available (set 'hibernate.transaction.jta.platform' to enable JTA platform integration)
2024-08-24T20:51:41.069+09:00  INFO 22084 --- [routeit] [restartedMain] j.LocalContainerEntityManagerFactoryBean : Initialized JPA EntityManagerFactory for persistence unit 'default'
2024-08-24T20:51:41.124+09:00  WARN 22084 --- [routeit] [restartedMain] JpaBaseConfiguration$JpaWebConfiguration : spring.jpa.open-in-view is enabled by default. Therefore, database queries may be performed during view rendering. Explicitly configure spring.jpa.open-in-view to disable this warning
2024-08-24T20:51:41.681+09:00  INFO 22084 --- [routeit] [restartedMain] o.s.b.d.a.OptionalLiveReloadServer       : LiveReload server is running on port 35729
2024-08-24T20:51:41.742+09:00  INFO 22084 --- [routeit] [restartedMain] o.s.b.w.embedded.tomcat.TomcatWebServer  : Tomcat started on port 8080 (http) with context path ''
2024-08-24T20:51:41.754+09:00  INFO 22084 --- [routeit] [restartedMain] c.r.routeitapp.RouteitappApplication     : Started RouteitappApplication in 4.347 seconds (process running for 5.415)
2024-08-24T20:52:09.784+09:00  INFO 22084 --- [routeit] [http-nio-8080-exec-2] o.a.c.c.C.[Tomcat].[localhost].[/]       : Initializing Spring DispatcherServlet 'dispatcherServlet'
2024-08-24T20:52:09.784+09:00  INFO 22084 --- [routeit] [http-nio-8080-exec-2] o.s.web.servlet.DispatcherServlet        : Initializing Servlet 'dispatcherServlet'
2024-08-24T20:52:09.785+09:00  INFO 22084 --- [routeit] [http-nio-8080-exec-2] o.s.web.servlet.DispatcherServlet        : Completed initialization in 1 ms
2024-08-24T20:52:58.713+09:00  INFO 22084 --- [routeit] [File Watcher] rtingClassPathChangeChangedEventListener : Restarting due to 3 class path changes (1 addition, 0 deletions, 2 modifications)
2024-08-24T20:52:58.946+09:00  INFO 22084 --- [routeit] [Thread-5] j.LocalContainerEntityManagerFactoryBean : Closing JPA EntityManagerFactory for persistence unit 'default'
2024-08-24T20:52:58.953+09:00  INFO 22084 --- [routeit] [Thread-5] com.zaxxer.hikari.HikariDataSource       : HikariPool-1 - Shutdown initiated...
2024-08-24T20:52:58.963+09:00  INFO 22084 --- [routeit] [Thread-5] com.zaxxer.hikari.HikariDataSource       : HikariPool-1 - Shutdown completed.
2024-08-24T20:52:59.051+09:00  INFO 22084 --- [routeit] [restartedMain] c.r.routeitapp.RouteitappApplication     : Starting RouteitappApplication using Java 17 with PID 22084 (D:\tangee\routeitapp\build\classes\java\main started by wkdwl in D:\tangee\routeitapp)
2024-08-24T20:52:59.052+09:00 DEBUG 22084 --- [routeit] [restartedMain] c.r.routeitapp.RouteitappApplication     : Running with Spring Boot v3.2.9, Spring v6.1.12
2024-08-24T20:52:59.052+09:00  INFO 22084 --- [routeit] [restartedMain] c.r.routeitapp.RouteitappApplication     : The following 1 profile is active: "local"
2024-08-24T20:52:59.248+09:00  INFO 22084 --- [routeit] [restartedMain] .s.d.r.c.RepositoryConfigurationDelegate : Bootstrapping Spring Data JPA repositories in DEFAULT mode.
2024-08-24T20:52:59.250+09:00  INFO 22084 --- [routeit] [restartedMain] .s.d.r.c.RepositoryConfigurationDelegate : Finished Spring Data repository scanning in 1 ms. Found 0 JPA repository interfaces.
2024-08-24T20:52:59.286+09:00  WARN 22084 --- [routeit] [restartedMain] o.m.s.mapper.ClassPathMapperScanner      : No MyBatis mapper was found in '[com.routeit.routeitapp]' package. Please check your configuration.
2024-08-24T20:52:59.379+09:00  INFO 22084 --- [routeit] [restartedMain] o.s.b.w.embedded.tomcat.TomcatWebServer  : Tomcat initialized with port 8080 (http)
2024-08-24T20:52:59.380+09:00  INFO 22084 --- [routeit] [restartedMain] o.apache.catalina.core.StandardService   : Starting service [Tomcat]
2024-08-24T20:52:59.380+09:00  INFO 22084 --- [routeit] [restartedMain] o.apache.catalina.core.StandardEngine    : Starting Servlet engine: [Apache Tomcat/10.1.28]
2024-08-24T20:52:59.405+09:00  INFO 22084 --- [routeit] [restartedMain] o.a.c.c.C.[Tomcat].[localhost].[/]       : Initializing Spring embedded WebApplicationContext
2024-08-24T20:52:59.406+09:00  INFO 22084 --- [routeit] [restartedMain] w.s.c.ServletWebServerApplicationContext : Root WebApplicationContext: initialization completed in 351 ms
2024-08-24T20:52:59.441+09:00  INFO 22084 --- [routeit] [restartedMain] o.hibernate.jpa.internal.util.LogHelper  : HHH000204: Processing PersistenceUnitInfo [name: default]
2024-08-24T20:52:59.446+09:00  INFO 22084 --- [routeit] [restartedMain] o.h.c.internal.RegionFactoryInitiator    : HHH000026: Second-level cache disabled
2024-08-24T20:52:59.453+09:00  INFO 22084 --- [routeit] [restartedMain] o.s.o.j.p.SpringPersistenceUnitInfo      : No LoadTimeWeaver setup: ignoring JPA class transformer
2024-08-24T20:52:59.455+09:00  INFO 22084 --- [routeit] [restartedMain] com.zaxxer.hikari.HikariDataSource       : HikariPool-2 - Starting...
2024-08-24T20:52:59.462+09:00  INFO 22084 --- [routeit] [restartedMain] com.zaxxer.hikari.pool.HikariPool        : HikariPool-2 - Added connection org.mariadb.jdbc.Connection@24233426
2024-08-24T20:52:59.462+09:00  INFO 22084 --- [routeit] [restartedMain] com.zaxxer.hikari.HikariDataSource       : HikariPool-2 - Start completed.
2024-08-24T20:52:59.481+09:00  INFO 22084 --- [routeit] [restartedMain] o.h.e.t.j.p.i.JtaPlatformInitiator       : HHH000489: No JTA platform available (set 'hibernate.transaction.jta.platform' to enable JTA platform integration)
2024-08-24T20:52:59.481+09:00  INFO 22084 --- [routeit] [restartedMain] j.LocalContainerEntityManagerFactoryBean : Initialized JPA EntityManagerFactory for persistence unit 'default'
2024-08-24T20:52:59.503+09:00  WARN 22084 --- [routeit] [restartedMain] JpaBaseConfiguration$JpaWebConfiguration : spring.jpa.open-in-view is enabled by default. Therefore, database queries may be performed during view rendering. Explicitly configure spring.jpa.open-in-view to disable this warning
2024-08-24T20:52:59.513+09:00  INFO 22084 --- [routeit] [restartedMain] o.s.b.a.w.s.WelcomePageHandlerMapping    : Adding welcome page template: index
2024-08-24T20:52:59.620+09:00  INFO 22084 --- [routeit] [restartedMain] o.s.b.d.a.OptionalLiveReloadServer       : LiveReload server is running on port 35729
2024-08-24T20:52:59.635+09:00  INFO 22084 --- [routeit] [restartedMain] o.s.b.w.embedded.tomcat.TomcatWebServer  : Tomcat started on port 8080 (http) with context path ''
2024-08-24T20:52:59.642+09:00  INFO 22084 --- [routeit] [restartedMain] c.r.routeitapp.RouteitappApplication     : Started RouteitappApplication in 0.623 seconds (process running for 83.302)
2024-08-24T20:52:59.644+09:00  INFO 22084 --- [routeit] [restartedMain] .ConditionEvaluationDeltaLoggingListener : Condition evaluation unchanged
2024-08-24T20:53:36.802+09:00  INFO 22084 --- [routeit] [File Watcher] rtingClassPathChangeChangedEventListener : Restarting due to 3 class path changes (0 additions, 0 deletions, 3 modifications)
2024-08-24T20:53:37.032+09:00  INFO 22084 --- [routeit] [Thread-7] j.LocalContainerEntityManagerFactoryBean : Closing JPA EntityManagerFactory for persistence unit 'default'
2024-08-24T20:53:37.033+09:00  INFO 22084 --- [routeit] [Thread-7] com.zaxxer.hikari.HikariDataSource       : HikariPool-2 - Shutdown initiated...
2024-08-24T20:53:37.046+09:00  INFO 22084 --- [routeit] [Thread-7] com.zaxxer.hikari.HikariDataSource       : HikariPool-2 - Shutdown completed.
2024-08-24T20:53:37.121+09:00  INFO 22084 --- [routeit] [restartedMain] c.r.routeitapp.RouteitappApplication     : Starting RouteitappApplication using Java 17 with PID 22084 (D:\tangee\routeitapp\build\classes\java\main started by wkdwl in D:\tangee\routeitapp)
2024-08-24T20:53:37.122+09:00 DEBUG 22084 --- [routeit] [restartedMain] c.r.routeitapp.RouteitappApplication     : Running with Spring Boot v3.2.9, Spring v6.1.12
2024-08-24T20:53:37.122+09:00  INFO 22084 --- [routeit] [restartedMain] c.r.routeitapp.RouteitappApplication     : The following 1 profile is active: "local"
2024-08-24T20:53:37.290+09:00  INFO 22084 --- [routeit] [restartedMain] .s.d.r.c.RepositoryConfigurationDelegate : Bootstrapping Spring Data JPA repositories in DEFAULT mode.
2024-08-24T20:53:37.291+09:00  INFO 22084 --- [routeit] [restartedMain] .s.d.r.c.RepositoryConfigurationDelegate : Finished Spring Data repository scanning in 1 ms. Found 0 JPA repository interfaces.
2024-08-24T20:53:37.322+09:00  WARN 22084 --- [routeit] [restartedMain] o.m.s.mapper.ClassPathMapperScanner      : No MyBatis mapper was found in '[com.routeit.routeitapp]' package. Please check your configuration.
2024-08-24T20:53:37.400+09:00  INFO 22084 --- [routeit] [restartedMain] o.s.b.w.embedded.tomcat.TomcatWebServer  : Tomcat initialized with port 8080 (http)
2024-08-24T20:53:37.400+09:00  INFO 22084 --- [routeit] [restartedMain] o.apache.catalina.core.StandardService   : Starting service [Tomcat]
2024-08-24T20:53:37.400+09:00  INFO 22084 --- [routeit] [restartedMain] o.apache.catalina.core.StandardEngine    : Starting Servlet engine: [Apache Tomcat/10.1.28]
2024-08-24T20:53:37.423+09:00  INFO 22084 --- [routeit] [restartedMain] o.a.c.c.C.[Tomcat].[localhost].[/]       : Initializing Spring embedded WebApplicationContext
2024-08-24T20:53:37.423+09:00  INFO 22084 --- [routeit] [restartedMain] w.s.c.ServletWebServerApplicationContext : Root WebApplicationContext: initialization completed in 299 ms
2024-08-24T20:53:37.454+09:00  INFO 22084 --- [routeit] [restartedMain] o.hibernate.jpa.internal.util.LogHelper  : HHH000204: Processing PersistenceUnitInfo [name: default]
2024-08-24T20:53:37.457+09:00  INFO 22084 --- [routeit] [restartedMain] o.h.c.internal.RegionFactoryInitiator    : HHH000026: Second-level cache disabled
2024-08-24T20:53:37.464+09:00  INFO 22084 --- [routeit] [restartedMain] o.s.o.j.p.SpringPersistenceUnitInfo      : No LoadTimeWeaver setup: ignoring JPA class transformer
2024-08-24T20:53:37.465+09:00  INFO 22084 --- [routeit] [restartedMain] com.zaxxer.hikari.HikariDataSource       : HikariPool-3 - Starting...
2024-08-24T20:53:37.469+09:00  INFO 22084 --- [routeit] [restartedMain] com.zaxxer.hikari.pool.HikariPool        : HikariPool-3 - Added connection org.mariadb.jdbc.Connection@6119d6a0
2024-08-24T20:53:37.469+09:00  INFO 22084 --- [routeit] [restartedMain] com.zaxxer.hikari.HikariDataSource       : HikariPool-3 - Start completed.
2024-08-24T20:53:37.490+09:00  INFO 22084 --- [routeit] [restartedMain] o.h.e.t.j.p.i.JtaPlatformInitiator       : HHH000489: No JTA platform available (set 'hibernate.transaction.jta.platform' to enable JTA platform integration)
2024-08-24T20:53:37.491+09:00  INFO 22084 --- [routeit] [restartedMain] j.LocalContainerEntityManagerFactoryBean : Initialized JPA EntityManagerFactory for persistence unit 'default'
2024-08-24T20:53:37.508+09:00  WARN 22084 --- [routeit] [restartedMain] JpaBaseConfiguration$JpaWebConfiguration : spring.jpa.open-in-view is enabled by default. Therefore, database queries may be performed during view rendering. Explicitly configure spring.jpa.open-in-view to disable this warning
2024-08-24T20:53:37.517+09:00  INFO 22084 --- [routeit] [restartedMain] o.s.b.a.w.s.WelcomePageHandlerMapping    : Adding welcome page template: index
2024-08-24T20:53:37.619+09:00  INFO 22084 --- [routeit] [restartedMain] o.s.b.d.a.OptionalLiveReloadServer       : LiveReload server is running on port 35729
2024-08-24T20:53:37.631+09:00  INFO 22084 --- [routeit] [restartedMain] o.s.b.w.embedded.tomcat.TomcatWebServer  : Tomcat started on port 8080 (http) with context path ''
2024-08-24T20:53:37.636+09:00  INFO 22084 --- [routeit] [restartedMain] c.r.routeitapp.RouteitappApplication     : Started RouteitappApplication in 0.547 seconds (process running for 121.297)
2024-08-24T20:53:37.637+09:00  INFO 22084 --- [routeit] [restartedMain] .ConditionEvaluationDeltaLoggingListener : Condition evaluation unchanged
2024-08-24T20:53:37.676+09:00  INFO 22084 --- [routeit] [http-nio-8080-exec-1] o.a.c.c.C.[Tomcat].[localhost].[/]       : Initializing Spring DispatcherServlet 'dispatcherServlet'
2024-08-24T20:53:37.676+09:00  INFO 22084 --- [routeit] [http-nio-8080-exec-1] o.s.web.servlet.DispatcherServlet        : Initializing Servlet 'dispatcherServlet'
2024-08-24T20:53:37.676+09:00  INFO 22084 --- [routeit] [http-nio-8080-exec-1] o.s.web.servlet.DispatcherServlet        : Completed initialization in 0 ms
2024-08-24T20:54:07.735+09:00  INFO 22084 --- [routeit] [File Watcher] rtingClassPathChangeChangedEventListener : Restarting due to 3 class path changes (0 additions, 0 deletions, 3 modifications)
2024-08-24T20:54:07.986+09:00  INFO 22084 --- [routeit] [Thread-11] j.LocalContainerEntityManagerFactoryBean : Closing JPA EntityManagerFactory for persistence unit 'default'
2024-08-24T20:54:07.987+09:00  INFO 22084 --- [routeit] [Thread-11] com.zaxxer.hikari.HikariDataSource       : HikariPool-3 - Shutdown initiated...
2024-08-24T20:54:07.991+09:00  INFO 22084 --- [routeit] [Thread-11] com.zaxxer.hikari.HikariDataSource       : HikariPool-3 - Shutdown completed.
2024-08-24T20:54:08.063+09:00  INFO 22084 --- [routeit] [restartedMain] c.r.routeitapp.RouteitappApplication     : Starting RouteitappApplication using Java 17 with PID 22084 (D:\tangee\routeitapp\build\classes\java\main started by wkdwl in D:\tangee\routeitapp)
2024-08-24T20:54:08.064+09:00 DEBUG 22084 --- [routeit] [restartedMain] c.r.routeitapp.RouteitappApplication     : Running with Spring Boot v3.2.9, Spring v6.1.12
2024-08-24T20:54:08.064+09:00  INFO 22084 --- [routeit] [restartedMain] c.r.routeitapp.RouteitappApplication     : The following 1 profile is active: "local"
2024-08-24T20:54:08.219+09:00  INFO 22084 --- [routeit] [restartedMain] .s.d.r.c.RepositoryConfigurationDelegate : Bootstrapping Spring Data JPA repositories in DEFAULT mode.
2024-08-24T20:54:08.221+09:00  INFO 22084 --- [routeit] [restartedMain] .s.d.r.c.RepositoryConfigurationDelegate : Finished Spring Data repository scanning in 1 ms. Found 0 JPA repository interfaces.
2024-08-24T20:54:08.249+09:00  WARN 22084 --- [routeit] [restartedMain] o.m.s.mapper.ClassPathMapperScanner      : No MyBatis mapper was found in '[com.routeit.routeitapp]' package. Please check your configuration.
2024-08-24T20:54:08.318+09:00  INFO 22084 --- [routeit] [restartedMain] o.s.b.w.embedded.tomcat.TomcatWebServer  : Tomcat initialized with port 8080 (http)
2024-08-24T20:54:08.319+09:00  INFO 22084 --- [routeit] [restartedMain] o.apache.catalina.core.StandardService   : Starting service [Tomcat]
2024-08-24T20:54:08.319+09:00  INFO 22084 --- [routeit] [restartedMain] o.apache.catalina.core.StandardEngine    : Starting Servlet engine: [Apache Tomcat/10.1.28]
2024-08-24T20:54:08.342+09:00  INFO 22084 --- [routeit] [restartedMain] o.a.c.c.C.[Tomcat].[localhost].[/]       : Initializing Spring embedded WebApplicationContext
2024-08-24T20:54:08.343+09:00  INFO 22084 --- [routeit] [restartedMain] w.s.c.ServletWebServerApplicationContext : Root WebApplicationContext: initialization completed in 277 ms
2024-08-24T20:54:08.375+09:00  INFO 22084 --- [routeit] [restartedMain] o.hibernate.jpa.internal.util.LogHelper  : HHH000204: Processing PersistenceUnitInfo [name: default]
2024-08-24T20:54:08.379+09:00  INFO 22084 --- [routeit] [restartedMain] o.h.c.internal.RegionFactoryInitiator    : HHH000026: Second-level cache disabled
2024-08-24T20:54:08.384+09:00  INFO 22084 --- [routeit] [restartedMain] o.s.o.j.p.SpringPersistenceUnitInfo      : No LoadTimeWeaver setup: ignoring JPA class transformer
2024-08-24T20:54:08.385+09:00  INFO 22084 --- [routeit] [restartedMain] com.zaxxer.hikari.HikariDataSource       : HikariPool-4 - Starting...
2024-08-24T20:54:08.390+09:00  INFO 22084 --- [routeit] [restartedMain] com.zaxxer.hikari.pool.HikariPool        : HikariPool-4 - Added connection org.mariadb.jdbc.Connection@562776ad
2024-08-24T20:54:08.390+09:00  INFO 22084 --- [routeit] [restartedMain] com.zaxxer.hikari.HikariDataSource       : HikariPool-4 - Start completed.
2024-08-24T20:54:08.405+09:00  INFO 22084 --- [routeit] [restartedMain] o.h.e.t.j.p.i.JtaPlatformInitiator       : HHH000489: No JTA platform available (set 'hibernate.transaction.jta.platform' to enable JTA platform integration)
2024-08-24T20:54:08.405+09:00  INFO 22084 --- [routeit] [restartedMain] j.LocalContainerEntityManagerFactoryBean : Initialized JPA EntityManagerFactory for persistence unit 'default'
2024-08-24T20:54:08.421+09:00  WARN 22084 --- [routeit] [restartedMain] JpaBaseConfiguration$JpaWebConfiguration : spring.jpa.open-in-view is enabled by default. Therefore, database queries may be performed during view rendering. Explicitly configure spring.jpa.open-in-view to disable this warning
2024-08-24T20:54:08.429+09:00  INFO 22084 --- [routeit] [restartedMain] o.s.b.a.w.s.WelcomePageHandlerMapping    : Adding welcome page template: index
2024-08-24T20:54:08.529+09:00  INFO 22084 --- [routeit] [restartedMain] o.s.b.d.a.OptionalLiveReloadServer       : LiveReload server is running on port 35729
2024-08-24T20:54:08.542+09:00  INFO 22084 --- [routeit] [restartedMain] o.s.b.w.embedded.tomcat.TomcatWebServer  : Tomcat started on port 8080 (http) with context path ''
2024-08-24T20:54:08.547+09:00  INFO 22084 --- [routeit] [restartedMain] c.r.routeitapp.RouteitappApplication     : Started RouteitappApplication in 0.512 seconds (process running for 152.207)
2024-08-24T20:54:08.548+09:00  INFO 22084 --- [routeit] [restartedMain] .ConditionEvaluationDeltaLoggingListener : Condition evaluation unchanged
2024-08-24T20:54:08.569+09:00  INFO 22084 --- [routeit] [http-nio-8080-exec-1] o.a.c.c.C.[Tomcat].[localhost].[/]       : Initializing Spring DispatcherServlet 'dispatcherServlet'
2024-08-24T20:54:08.570+09:00  INFO 22084 --- [routeit] [http-nio-8080-exec-1] o.s.web.servlet.DispatcherServlet        : Initializing Servlet 'dispatcherServlet'
2024-08-24T20:54:08.570+09:00  INFO 22084 --- [routeit] [http-nio-8080-exec-1] o.s.web.servlet.DispatcherServlet        : Completed initialization in 0 ms
